\BOOKMARK [0][]{chapter.1}{1 Introduction}{}% 1
\BOOKMARK [0][]{chapter.2}{2 Stakeholders and staffing}{}% 2
\BOOKMARK [1][-]{section.2.1}{2.1 The Team}{chapter.2}% 3
\BOOKMARK [1][-]{section.2.2}{2.2 Mentor}{chapter.2}% 4
\BOOKMARK [1][-]{section.2.3}{2.3 Customer}{chapter.2}% 5
\BOOKMARK [0][]{chapter.3}{3 The Goals}{}% 6
\BOOKMARK [1][-]{section.3.1}{3.1 Project goals}{chapter.3}% 7
\BOOKMARK [1][-]{section.3.2}{3.2 Personal goals}{chapter.3}% 8
\BOOKMARK [0][]{chapter.4}{4 Resources}{}% 9
\BOOKMARK [1][-]{section.4.1}{4.1 Personnel}{chapter.4}% 10
\BOOKMARK [1][-]{section.4.2}{4.2 Material}{chapter.4}% 11
\BOOKMARK [0][]{chapter.5}{5 Work practices}{}% 12
\BOOKMARK [1][-]{section.5.1}{5.1 Practices}{chapter.5}% 13
\BOOKMARK [2][-]{subsection.5.1.1}{5.1.1 Iterative development}{section.5.1}% 14
\BOOKMARK [2][-]{subsection.5.1.2}{5.1.2 Sprint planning}{section.5.1}% 15
\BOOKMARK [2][-]{subsection.5.1.3}{5.1.3 Documenting}{section.5.1}% 16
\BOOKMARK [2][-]{subsection.5.1.4}{5.1.4 Risk management}{section.5.1}% 17
\BOOKMARK [2][-]{subsection.5.1.5}{5.1.5 Time tracking}{section.5.1}% 18
\BOOKMARK [2][-]{subsection.5.1.6}{5.1.6 Communication}{section.5.1}% 19
\BOOKMARK [2][-]{subsection.5.1.7}{5.1.7 Defect tracking}{section.5.1}% 20
\BOOKMARK [2][-]{subsection.5.1.8}{5.1.8 Version control}{section.5.1}% 21
\BOOKMARK [2][-]{subsection.5.1.9}{5.1.9 Process improvement}{section.5.1}% 22
\BOOKMARK [2][-]{subsection.5.1.10}{5.1.10 Requirement engineering}{section.5.1}% 23
\BOOKMARK [2][-]{subsection.5.1.11}{5.1.11 Design}{section.5.1}% 24
\BOOKMARK [2][-]{subsection.5.1.12}{5.1.12 Practice X}{section.5.1}% 25
\BOOKMARK [0][]{chapter.6}{6 Phasing}{}% 26
\BOOKMARK [1][-]{section.6.1}{6.1 Schedule}{chapter.6}% 27
\BOOKMARK [1][-]{section.6.2}{6.2 Sprint 1 Plan}{chapter.6}% 28
\BOOKMARK [1][-]{section.6.3}{6.3 Sprint 2 Plan}{chapter.6}% 29
\BOOKMARK [0][]{chapter.7}{7 Risk log}{}% 30
